<?xml version="1.0" encoding="UTF-8"?>
<!-- Generated by org.testng.reporters.JUnitXMLReporter -->
<testsuite ignored="0" hostname="Sayed-Sadat" failures="0" tests="3" name="Test" time="13.573" errors="0" timestamp="2022-11-23T19:27:25 PST">
  <testcase classname="tests.LoginSteps_Simple" name="checkTest2" time="0.015"/>
  <testcase classname="tests.LoginSteps_Simple" name="checkTest3" time="0.005"/>
  <testcase classname="tests.LoginSteps_Simple" name="loginTestPage" time="4.371"/>
</testsuite> <!-- Test -->
