<?xml version="1.0" encoding="UTF-8"?>
<testng-results ignored="0" total="2" passed="2" failed="0" skipped="0">
  <reporter-output>
  </reporter-output>
  <suite started-at="2022-11-29T16:05:10 PST" name="Surefire suite" finished-at="2022-11-29T16:05:42 PST" duration-ms="31357">
    <groups>
    </groups>
    <test started-at="2022-11-29T16:05:10 PST" name="Surefire test" finished-at="2022-11-29T16:05:42 PST" duration-ms="31357">
      <class name="tests.RegisterAccountTests">
        <test-method is-config="true" signature="beforeTest()[pri:0, instance:tests.RegisterAccountTests@6815c5f2]" started-at="2022-11-29T16:05:10 PST" name="beforeTest" finished-at="2022-11-29T16:05:18 PST" duration-ms="7802" status="PASS">
          <reporter-output>
          </reporter-output>
        </test-method> <!-- beforeTest -->
        <test-method signature="registerAccount(java.lang.String,java.lang.String,java.lang.String,java.lang.String,java.lang.String)[pri:0, instance:tests.RegisterAccountTests@6815c5f2]" started-at="2022-11-29T16:05:19 PST" name="registerAccount" data-provider="getTestData" finished-at="2022-11-29T16:05:23 PST" duration-ms="4075" status="PASS">
          <params>
            <param index="0">
              <value>
                <![CDATA[Sayed]]>
              </value>
            </param>
            <param index="1">
              <value>
                <![CDATA[Seattle]]>
              </value>
            </param>
            <param index="2">
              <value>
                <![CDATA[1 st Ave Burien]]>
              </value>
            </param>
            <param index="3">
              <value>
                <![CDATA[Sayed@gmail.come]]>
              </value>
            </param>
            <param index="4">
              <value>
                <![CDATA[Kabulcity@123]]>
              </value>
            </param>
          </params>
          <reporter-output>
          </reporter-output>
        </test-method> <!-- registerAccount -->
        <test-method signature="registerAccount(java.lang.String,java.lang.String,java.lang.String,java.lang.String,java.lang.String)[pri:0, instance:tests.RegisterAccountTests@6815c5f2]" started-at="2022-11-29T16:05:23 PST" name="registerAccount" data-provider="getTestData" finished-at="2022-11-29T16:05:25 PST" duration-ms="2109" status="PASS">
          <params>
            <param index="0">
              <value>
                <![CDATA[Khan]]>
              </value>
            </param>
            <param index="1">
              <value>
                <![CDATA[Seattle]]>
              </value>
            </param>
            <param index="2">
              <value>
                <![CDATA[Takwila]]>
              </value>
            </param>
            <param index="3">
              <value>
                <![CDATA[khan@yahoo.com]]>
              </value>
            </param>
            <param index="4">
              <value>
                <![CDATA[home@123]]>
              </value>
            </param>
          </params>
          <reporter-output>
          </reporter-output>
        </test-method> <!-- registerAccount -->
        <test-method is-config="true" signature="GracefulTearDown()[pri:0, instance:tests.RegisterAccountTests@6815c5f2]" started-at="2022-11-29T16:05:25 PST" name="GracefulTearDown" finished-at="2022-11-29T16:05:42 PST" duration-ms="16267" status="PASS">
          <reporter-output>
          </reporter-output>
        </test-method> <!-- GracefulTearDown -->
      </class> <!-- tests.RegisterAccountTests -->
    </test> <!-- Surefire test -->
  </suite> <!-- Surefire suite -->
</testng-results>
