<?xml version="1.0" encoding="UTF-8"?>
<testng-results ignored="0" total="3" passed="3" failed="0" skipped="0">
  <reporter-output>
  </reporter-output>
  <suite started-at="2022-11-23T19:27:11 PST" name="Suite" finished-at="2022-11-23T19:27:25 PST" duration-ms="13573">
    <groups>
    </groups>
    <test started-at="2022-11-23T19:27:11 PST" name="Test" finished-at="2022-11-23T19:27:25 PST" duration-ms="13573">
      <class name="tests.LoginSteps_Simple">
        <test-method is-config="true" signature="user_is_on_test_environment_page()[pri:0, instance:tests.LoginSteps_Simple@1f6c9cd8]" started-at="2022-11-23T19:27:11 PST" name="user_is_on_test_environment_page" finished-at="2022-11-23T19:27:20 PST" duration-ms="8761" status="PASS">
          <reporter-output>
          </reporter-output>
        </test-method> <!-- user_is_on_test_environment_page -->
        <test-method signature="checkTest2()[pri:0, instance:tests.LoginSteps_Simple@1f6c9cd8]" started-at="2022-11-23T19:27:20 PST" name="checkTest2" finished-at="2022-11-23T19:27:20 PST" duration-ms="15" status="PASS">
          <reporter-output>
          </reporter-output>
        </test-method> <!-- checkTest2 -->
        <test-method signature="checkTest3()[pri:0, instance:tests.LoginSteps_Simple@1f6c9cd8]" started-at="2022-11-23T19:27:20 PST" name="checkTest3" finished-at="2022-11-23T19:27:20 PST" duration-ms="5" status="PASS">
          <reporter-output>
          </reporter-output>
        </test-method> <!-- checkTest3 -->
        <test-method signature="loginTestPage()[pri:0, instance:tests.LoginSteps_Simple@1f6c9cd8]" started-at="2022-11-23T19:27:20 PST" name="loginTestPage" finished-at="2022-11-23T19:27:24 PST" duration-ms="4371" status="PASS">
          <reporter-output>
          </reporter-output>
        </test-method> <!-- loginTestPage -->
        <test-method is-config="true" signature="gracefulTearDown()[pri:0, instance:tests.LoginSteps_Simple@1f6c9cd8]" started-at="2022-11-23T19:27:24 PST" name="gracefulTearDown" finished-at="2022-11-23T19:27:25 PST" duration-ms="343" status="PASS">
          <reporter-output>
          </reporter-output>
        </test-method> <!-- gracefulTearDown -->
      </class> <!-- tests.LoginSteps_Simple -->
    </test> <!-- Test -->
  </suite> <!-- Suite -->
</testng-results>
